Classic Timing Analyzer report for project
Tue Jun 02 14:10:09 2020
Quartus II Version 9.0 Build 132 02/25/2009 SJ Web Edition


---------------------
; Table of Contents ;
---------------------
  1. Legal Notice
  2. Timing Analyzer Summary
  3. Timing Analyzer Settings
  4. Clock Settings Summary
  5. Parallel Compilation
  6. Clock Setup: 'clk'
  7. Clock Hold: 'clk'
  8. tsu
  9. tco
 10. th
 11. Timing Analyzer Messages



----------------
; Legal Notice ;
----------------
Copyright (C) 1991-2009 Altera Corporation
Your use of Altera Corporation's design tools, logic functions 
and other software and tools, and its AMPP partner logic 
functions, and any output files from any of the foregoing 
(including device programming or simulation files), and any 
associated documentation or information are expressly subject 
to the terms and conditions of the Altera Program License 
Subscription Agreement, Altera MegaCore Function License 
Agreement, or other applicable license agreement, including, 
without limitation, that your use is for the sole purpose of 
programming logic devices manufactured by Altera and sold by 
Altera or its authorized distributors.  Please refer to the 
applicable agreement for further details.



+--------------------------------------------------------------------------------------------------------------------------------------------------------------------------------------------------+
; Timing Analyzer Summary                                                                                                                                                                          ;
+------------------------------+------------------------------------------+---------------+----------------------------------+-----------------+------------+------------+----------+--------------+
; Type                         ; Slack                                    ; Required Time ; Actual Time                      ; From            ; To         ; From Clock ; To Clock ; Failed Paths ;
+------------------------------+------------------------------------------+---------------+----------------------------------+-----------------+------------+------------+----------+--------------+
; Worst-case tsu               ; N/A                                      ; None          ; 12.152 ns                        ; jump            ; die        ; --         ; clk      ; 0            ;
; Worst-case tco               ; N/A                                      ; None          ; 11.105 ns                        ; column[10]~reg0 ; column[10] ; clk        ; --       ; 0            ;
; Worst-case th                ; N/A                                      ; None          ; -2.579 ns                        ; jump            ; jump_en    ; --         ; clk      ; 0            ;
; Clock Setup: 'clk'           ; N/A                                      ; None          ; 71.28 MHz ( period = 14.030 ns ) ; speed[18]       ; div[4]     ; clk        ; clk      ; 0            ;
; Clock Hold: 'clk'            ; Not operational: Clock Skew > Data Delay ; None          ; N/A                              ; Radom[0]        ; map[31][3] ; clk        ; clk      ; 5            ;
; Total number of failed paths ;                                          ;               ;                                  ;                 ;            ;            ;          ; 5            ;
+------------------------------+------------------------------------------+---------------+----------------------------------+-----------------+------------+------------+----------+--------------+


+--------------------------------------------------------------------------------------------------------------------+
; Timing Analyzer Settings                                                                                           ;
+---------------------------------------------------------------------+--------------------+------+----+-------------+
; Option                                                              ; Setting            ; From ; To ; Entity Name ;
+---------------------------------------------------------------------+--------------------+------+----+-------------+
; Device Name                                                         ; EP1C12Q240C8       ;      ;    ;             ;
; Timing Models                                                       ; Final              ;      ;    ;             ;
; Default hold multicycle                                             ; Same as Multicycle ;      ;    ;             ;
; Cut paths between unrelated clock domains                           ; On                 ;      ;    ;             ;
; Cut off read during write signal paths                              ; On                 ;      ;    ;             ;
; Cut off feedback from I/O pins                                      ; On                 ;      ;    ;             ;
; Report Combined Fast/Slow Timing                                    ; Off                ;      ;    ;             ;
; Ignore Clock Settings                                               ; Off                ;      ;    ;             ;
; Analyze latches as synchronous elements                             ; On                 ;      ;    ;             ;
; Enable Recovery/Removal analysis                                    ; Off                ;      ;    ;             ;
; Enable Clock Latency                                                ; Off                ;      ;    ;             ;
; Use TimeQuest Timing Analyzer                                       ; Off                ;      ;    ;             ;
; Number of source nodes to report per destination node               ; 10                 ;      ;    ;             ;
; Number of destination nodes to report                               ; 10                 ;      ;    ;             ;
; Number of paths to report                                           ; 200                ;      ;    ;             ;
; Report Minimum Timing Checks                                        ; Off                ;      ;    ;             ;
; Use Fast Timing Models                                              ; Off                ;      ;    ;             ;
; Report IO Paths Separately                                          ; Off                ;      ;    ;             ;
; Perform Multicorner Analysis                                        ; Off                ;      ;    ;             ;
; Reports the worst-case path for each clock domain and analysis      ; Off                ;      ;    ;             ;
; Removes common clock path pessimism (CCPP) during slack computation ; Off                ;      ;    ;             ;
; Output I/O Timing Endpoint                                          ; Near End           ;      ;    ;             ;
+---------------------------------------------------------------------+--------------------+------+----+-------------+


+------------------------------------------------------------------------------------------------------------------------------------------------------------------------------------+
; Clock Settings Summary                                                                                                                                                             ;
+-----------------+--------------------+----------+------------------+---------------+--------------+----------+-----------------------+---------------------+--------+--------------+
; Clock Node Name ; Clock Setting Name ; Type     ; Fmax Requirement ; Early Latency ; Late Latency ; Based on ; Multiply Base Fmax by ; Divide Base Fmax by ; Offset ; Phase offset ;
+-----------------+--------------------+----------+------------------+---------------+--------------+----------+-----------------------+---------------------+--------+--------------+
; clk             ;                    ; User Pin ; None             ; 0.000 ns      ; 0.000 ns     ; --       ; N/A                   ; N/A                 ; N/A    ;              ;
+-----------------+--------------------+----------+------------------+---------------+--------------+----------+-----------------------+---------------------+--------+--------------+


Parallel compilation was disabled, but you have multiple processors available. Enable parallel compilation to reduce compilation time.
+-------------------------------------+
; Parallel Compilation                ;
+----------------------------+--------+
; Processors                 ; Number ;
+----------------------------+--------+
; Number detected on machine ; 6      ;
; Maximum allowed            ; 1      ;
+----------------------------+--------+


+---------------------------------------------------------------------------------------------------------------------------------------------------------------------------------------------------------------------------------------+
; Clock Setup: 'clk'                                                                                                                                                                                                                    ;
+-----------------------------------------+-----------------------------------------------------+---------------+-----------+------------+----------+-----------------------------+---------------------------+-------------------------+
; Slack                                   ; Actual fmax (period)                                ; From          ; To        ; From Clock ; To Clock ; Required Setup Relationship ; Required Longest P2P Time ; Actual Longest P2P Time ;
+-----------------------------------------+-----------------------------------------------------+---------------+-----------+------------+----------+-----------------------------+---------------------------+-------------------------+
; N/A                                     ; 71.28 MHz ( period = 14.030 ns )                    ; speed[18]     ; div[4]    ; clk        ; clk      ; None                        ; None                      ; 9.311 ns                ;
; N/A                                     ; 71.28 MHz ( period = 14.029 ns )                    ; speed[18]     ; ball_clk  ; clk        ; clk      ; None                        ; None                      ; 9.310 ns                ;
; N/A                                     ; 71.28 MHz ( period = 14.029 ns )                    ; speed[18]     ; div[3]    ; clk        ; clk      ; None                        ; None                      ; 9.310 ns                ;
; N/A                                     ; 72.40 MHz ( period = 13.813 ns )                    ; speed[18]     ; div[1]    ; clk        ; clk      ; None                        ; None                      ; 9.094 ns                ;
; N/A                                     ; 72.42 MHz ( period = 13.809 ns )                    ; speed[18]     ; div[2]    ; clk        ; clk      ; None                        ; None                      ; 9.090 ns                ;
; N/A                                     ; 73.87 MHz ( period = 13.538 ns )                    ; speed[27]     ; div[4]    ; clk        ; clk      ; None                        ; None                      ; 8.819 ns                ;
; N/A                                     ; 73.87 MHz ( period = 13.537 ns )                    ; speed[27]     ; ball_clk  ; clk        ; clk      ; None                        ; None                      ; 8.818 ns                ;
; N/A                                     ; 73.87 MHz ( period = 13.537 ns )                    ; speed[27]     ; div[3]    ; clk        ; clk      ; None                        ; None                      ; 8.818 ns                ;
; N/A                                     ; 74.51 MHz ( period = 13.421 ns )                    ; speed[23]     ; div[4]    ; clk        ; clk      ; None                        ; None                      ; 8.702 ns                ;
; N/A                                     ; 74.52 MHz ( period = 13.420 ns )                    ; speed[23]     ; ball_clk  ; clk        ; clk      ; None                        ; None                      ; 8.701 ns                ;
; N/A                                     ; 74.52 MHz ( period = 13.420 ns )                    ; speed[23]     ; div[3]    ; clk        ; clk      ; None                        ; None                      ; 8.701 ns                ;
; N/A                                     ; 74.60 MHz ( period = 13.405 ns )                    ; speed[26]     ; div[4]    ; clk        ; clk      ; None                        ; None                      ; 8.686 ns                ;
; N/A                                     ; 74.60 MHz ( period = 13.404 ns )                    ; speed[26]     ; ball_clk  ; clk        ; clk      ; None                        ; None                      ; 8.685 ns                ;
; N/A                                     ; 74.60 MHz ( period = 13.404 ns )                    ; speed[26]     ; div[3]    ; clk        ; clk      ; None                        ; None                      ; 8.685 ns                ;
; N/A                                     ; 74.63 MHz ( period = 13.400 ns )                    ; speed[19]     ; div[4]    ; clk        ; clk      ; None                        ; None                      ; 8.681 ns                ;
; N/A                                     ; 74.63 MHz ( period = 13.399 ns )                    ; speed[19]     ; ball_clk  ; clk        ; clk      ; None                        ; None                      ; 8.680 ns                ;
; N/A                                     ; 74.63 MHz ( period = 13.399 ns )                    ; speed[19]     ; div[3]    ; clk        ; clk      ; None                        ; None                      ; 8.680 ns                ;
; N/A                                     ; 74.83 MHz ( period = 13.363 ns )                    ; speed[14]     ; div[4]    ; clk        ; clk      ; None                        ; None                      ; 8.644 ns                ;
; N/A                                     ; 74.84 MHz ( period = 13.362 ns )                    ; speed[14]     ; ball_clk  ; clk        ; clk      ; None                        ; None                      ; 8.643 ns                ;
; N/A                                     ; 74.84 MHz ( period = 13.362 ns )                    ; speed[14]     ; div[3]    ; clk        ; clk      ; None                        ; None                      ; 8.643 ns                ;
; N/A                                     ; 74.99 MHz ( period = 13.335 ns )                    ; die           ; div[4]    ; clk        ; clk      ; None                        ; None                      ; 8.544 ns                ;
; N/A                                     ; 75.00 MHz ( period = 13.334 ns )                    ; die           ; ball_clk  ; clk        ; clk      ; None                        ; None                      ; 8.543 ns                ;
; N/A                                     ; 75.00 MHz ( period = 13.334 ns )                    ; die           ; div[3]    ; clk        ; clk      ; None                        ; None                      ; 8.543 ns                ;
; N/A                                     ; 75.07 MHz ( period = 13.321 ns )                    ; speed[27]     ; div[1]    ; clk        ; clk      ; None                        ; None                      ; 8.602 ns                ;
; N/A                                     ; 75.09 MHz ( period = 13.317 ns )                    ; speed[27]     ; div[2]    ; clk        ; clk      ; None                        ; None                      ; 8.598 ns                ;
; N/A                                     ; 75.48 MHz ( period = 13.249 ns )                    ; speed[21]     ; div[4]    ; clk        ; clk      ; None                        ; None                      ; 8.530 ns                ;
; N/A                                     ; 75.48 MHz ( period = 13.248 ns )                    ; speed[21]     ; ball_clk  ; clk        ; clk      ; None                        ; None                      ; 8.529 ns                ;
; N/A                                     ; 75.48 MHz ( period = 13.248 ns )                    ; speed[21]     ; div[3]    ; clk        ; clk      ; None                        ; None                      ; 8.529 ns                ;
; N/A                                     ; 75.73 MHz ( period = 13.204 ns )                    ; speed[23]     ; div[1]    ; clk        ; clk      ; None                        ; None                      ; 8.485 ns                ;
; N/A                                     ; 75.76 MHz ( period = 13.200 ns )                    ; speed[23]     ; div[2]    ; clk        ; clk      ; None                        ; None                      ; 8.481 ns                ;
; N/A                                     ; 75.83 MHz ( period = 13.188 ns )                    ; speed[26]     ; div[1]    ; clk        ; clk      ; None                        ; None                      ; 8.469 ns                ;
; N/A                                     ; 75.85 MHz ( period = 13.184 ns )                    ; speed[26]     ; div[2]    ; clk        ; clk      ; None                        ; None                      ; 8.465 ns                ;
; N/A                                     ; 75.86 MHz ( period = 13.183 ns )                    ; speed[19]     ; div[1]    ; clk        ; clk      ; None                        ; None                      ; 8.464 ns                ;
; N/A                                     ; 75.88 MHz ( period = 13.179 ns )                    ; speed[19]     ; div[2]    ; clk        ; clk      ; None                        ; None                      ; 8.460 ns                ;
; N/A                                     ; 75.89 MHz ( period = 13.177 ns )                    ; speed[15]     ; div[4]    ; clk        ; clk      ; None                        ; None                      ; 8.458 ns                ;
; N/A                                     ; 75.90 MHz ( period = 13.176 ns )                    ; speed[15]     ; ball_clk  ; clk        ; clk      ; None                        ; None                      ; 8.457 ns                ;
; N/A                                     ; 75.90 MHz ( period = 13.176 ns )                    ; speed[15]     ; div[3]    ; clk        ; clk      ; None                        ; None                      ; 8.457 ns                ;
; N/A                                     ; 76.07 MHz ( period = 13.146 ns )                    ; speed[14]     ; div[1]    ; clk        ; clk      ; None                        ; None                      ; 8.427 ns                ;
; N/A                                     ; 76.09 MHz ( period = 13.142 ns )                    ; speed[14]     ; div[2]    ; clk        ; clk      ; None                        ; None                      ; 8.423 ns                ;
; N/A                                     ; 76.23 MHz ( period = 13.118 ns )                    ; die           ; div[1]    ; clk        ; clk      ; None                        ; None                      ; 8.327 ns                ;
; N/A                                     ; 76.25 MHz ( period = 13.114 ns )                    ; die           ; div[2]    ; clk        ; clk      ; None                        ; None                      ; 8.323 ns                ;
; N/A                                     ; 76.50 MHz ( period = 13.072 ns )                    ; speed[25]     ; div[4]    ; clk        ; clk      ; None                        ; None                      ; 8.353 ns                ;
; N/A                                     ; 76.51 MHz ( period = 13.071 ns )                    ; speed[25]     ; ball_clk  ; clk        ; clk      ; None                        ; None                      ; 8.352 ns                ;
; N/A                                     ; 76.51 MHz ( period = 13.071 ns )                    ; speed[25]     ; div[3]    ; clk        ; clk      ; None                        ; None                      ; 8.352 ns                ;
; N/A                                     ; 76.59 MHz ( period = 13.056 ns )                    ; speed[17]     ; div[4]    ; clk        ; clk      ; None                        ; None                      ; 8.337 ns                ;
; N/A                                     ; 76.60 MHz ( period = 13.055 ns )                    ; speed[17]     ; ball_clk  ; clk        ; clk      ; None                        ; None                      ; 8.336 ns                ;
; N/A                                     ; 76.60 MHz ( period = 13.055 ns )                    ; speed[17]     ; div[3]    ; clk        ; clk      ; None                        ; None                      ; 8.336 ns                ;
; N/A                                     ; 76.73 MHz ( period = 13.032 ns )                    ; speed[21]     ; div[1]    ; clk        ; clk      ; None                        ; None                      ; 8.313 ns                ;
; N/A                                     ; 76.76 MHz ( period = 13.028 ns )                    ; speed[21]     ; div[2]    ; clk        ; clk      ; None                        ; None                      ; 8.309 ns                ;
; N/A                                     ; 77.16 MHz ( period = 12.960 ns )                    ; speed[15]     ; div[1]    ; clk        ; clk      ; None                        ; None                      ; 8.241 ns                ;
; N/A                                     ; 77.18 MHz ( period = 12.956 ns )                    ; speed[15]     ; div[2]    ; clk        ; clk      ; None                        ; None                      ; 8.237 ns                ;
; N/A                                     ; 77.26 MHz ( period = 12.943 ns )                    ; speed[22]     ; div[4]    ; clk        ; clk      ; None                        ; None                      ; 8.224 ns                ;
; N/A                                     ; 77.27 MHz ( period = 12.942 ns )                    ; speed[22]     ; ball_clk  ; clk        ; clk      ; None                        ; None                      ; 8.223 ns                ;
; N/A                                     ; 77.27 MHz ( period = 12.942 ns )                    ; speed[22]     ; div[3]    ; clk        ; clk      ; None                        ; None                      ; 8.223 ns                ;
; N/A                                     ; 77.69 MHz ( period = 12.871 ns )                    ; speed[13]     ; div[4]    ; clk        ; clk      ; None                        ; None                      ; 8.152 ns                ;
; N/A                                     ; 77.70 MHz ( period = 12.870 ns )                    ; speed[13]     ; ball_clk  ; clk        ; clk      ; None                        ; None                      ; 8.151 ns                ;
; N/A                                     ; 77.70 MHz ( period = 12.870 ns )                    ; speed[13]     ; div[3]    ; clk        ; clk      ; None                        ; None                      ; 8.151 ns                ;
; N/A                                     ; 77.79 MHz ( period = 12.855 ns )                    ; speed[25]     ; div[1]    ; clk        ; clk      ; None                        ; None                      ; 8.136 ns                ;
; N/A                                     ; 77.80 MHz ( period = 12.854 ns )                    ; speed[9]      ; div[4]    ; clk        ; clk      ; None                        ; None                      ; 8.135 ns                ;
; N/A                                     ; 77.80 MHz ( period = 12.853 ns )                    ; speed[9]      ; ball_clk  ; clk        ; clk      ; None                        ; None                      ; 8.134 ns                ;
; N/A                                     ; 77.80 MHz ( period = 12.853 ns )                    ; speed[9]      ; div[3]    ; clk        ; clk      ; None                        ; None                      ; 8.134 ns                ;
; N/A                                     ; 77.81 MHz ( period = 12.851 ns )                    ; speed[25]     ; div[2]    ; clk        ; clk      ; None                        ; None                      ; 8.132 ns                ;
; N/A                                     ; 77.89 MHz ( period = 12.839 ns )                    ; speed[17]     ; div[1]    ; clk        ; clk      ; None                        ; None                      ; 8.120 ns                ;
; N/A                                     ; 77.91 MHz ( period = 12.835 ns )                    ; speed[17]     ; div[2]    ; clk        ; clk      ; None                        ; None                      ; 8.116 ns                ;
; N/A                                     ; 78.50 MHz ( period = 12.739 ns )                    ; div[0]        ; div[4]    ; clk        ; clk      ; None                        ; None                      ; 12.443 ns               ;
; N/A                                     ; 78.51 MHz ( period = 12.738 ns )                    ; div[0]        ; ball_clk  ; clk        ; clk      ; None                        ; None                      ; 12.442 ns               ;
; N/A                                     ; 78.51 MHz ( period = 12.738 ns )                    ; div[0]        ; div[3]    ; clk        ; clk      ; None                        ; None                      ; 12.442 ns               ;
; N/A                                     ; 78.58 MHz ( period = 12.726 ns )                    ; speed[22]     ; div[1]    ; clk        ; clk      ; None                        ; None                      ; 8.007 ns                ;
; N/A                                     ; 78.60 MHz ( period = 12.722 ns )                    ; speed[22]     ; div[2]    ; clk        ; clk      ; None                        ; None                      ; 8.003 ns                ;
; N/A                                     ; 78.83 MHz ( period = 12.685 ns )                    ; speed[24]     ; div[4]    ; clk        ; clk      ; None                        ; None                      ; 7.966 ns                ;
; N/A                                     ; 78.84 MHz ( period = 12.684 ns )                    ; speed[24]     ; ball_clk  ; clk        ; clk      ; None                        ; None                      ; 7.965 ns                ;
; N/A                                     ; 78.84 MHz ( period = 12.684 ns )                    ; speed[24]     ; div[3]    ; clk        ; clk      ; None                        ; None                      ; 7.965 ns                ;
; N/A                                     ; 78.84 MHz ( period = 12.684 ns )                    ; speed[11]     ; div[4]    ; clk        ; clk      ; None                        ; None                      ; 7.965 ns                ;
; N/A                                     ; 78.85 MHz ( period = 12.683 ns )                    ; speed[11]     ; ball_clk  ; clk        ; clk      ; None                        ; None                      ; 7.964 ns                ;
; N/A                                     ; 78.85 MHz ( period = 12.683 ns )                    ; speed[11]     ; div[3]    ; clk        ; clk      ; None                        ; None                      ; 7.964 ns                ;
; N/A                                     ; 79.03 MHz ( period = 12.654 ns )                    ; speed[13]     ; div[1]    ; clk        ; clk      ; None                        ; None                      ; 7.935 ns                ;
; N/A                                     ; 79.05 MHz ( period = 12.650 ns )                    ; speed[13]     ; div[2]    ; clk        ; clk      ; None                        ; None                      ; 7.931 ns                ;
; N/A                                     ; 79.13 MHz ( period = 12.637 ns )                    ; speed[9]      ; div[1]    ; clk        ; clk      ; None                        ; None                      ; 7.918 ns                ;
; N/A                                     ; 79.16 MHz ( period = 12.633 ns )                    ; speed[9]      ; div[2]    ; clk        ; clk      ; None                        ; None                      ; 7.914 ns                ;
; N/A                                     ; 79.35 MHz ( period = 12.602 ns )                    ; speed[31]     ; div[4]    ; clk        ; clk      ; None                        ; None                      ; 7.883 ns                ;
; N/A                                     ; 79.36 MHz ( period = 12.601 ns )                    ; speed[31]     ; ball_clk  ; clk        ; clk      ; None                        ; None                      ; 7.882 ns                ;
; N/A                                     ; 79.36 MHz ( period = 12.601 ns )                    ; speed[31]     ; div[3]    ; clk        ; clk      ; None                        ; None                      ; 7.882 ns                ;
; N/A                                     ; 79.49 MHz ( period = 12.580 ns )                    ; speed[20]     ; div[4]    ; clk        ; clk      ; None                        ; None                      ; 7.861 ns                ;
; N/A                                     ; 79.50 MHz ( period = 12.579 ns )                    ; speed[20]     ; ball_clk  ; clk        ; clk      ; None                        ; None                      ; 7.860 ns                ;
; N/A                                     ; 79.50 MHz ( period = 12.579 ns )                    ; speed[20]     ; div[3]    ; clk        ; clk      ; None                        ; None                      ; 7.860 ns                ;
; N/A                                     ; 79.54 MHz ( period = 12.573 ns )                    ; speed[28]     ; div[4]    ; clk        ; clk      ; None                        ; None                      ; 7.854 ns                ;
; N/A                                     ; 79.54 MHz ( period = 12.572 ns )                    ; speed[28]     ; ball_clk  ; clk        ; clk      ; None                        ; None                      ; 7.853 ns                ;
; N/A                                     ; 79.54 MHz ( period = 12.572 ns )                    ; speed[28]     ; div[3]    ; clk        ; clk      ; None                        ; None                      ; 7.853 ns                ;
; N/A                                     ; 79.59 MHz ( period = 12.564 ns )                    ; speed[1]      ; div[4]    ; clk        ; clk      ; None                        ; None                      ; 7.845 ns                ;
; N/A                                     ; 79.60 MHz ( period = 12.563 ns )                    ; speed[1]      ; ball_clk  ; clk        ; clk      ; None                        ; None                      ; 7.844 ns                ;
; N/A                                     ; 79.60 MHz ( period = 12.563 ns )                    ; speed[1]      ; div[3]    ; clk        ; clk      ; None                        ; None                      ; 7.844 ns                ;
; N/A                                     ; 79.86 MHz ( period = 12.522 ns )                    ; div[0]        ; div[1]    ; clk        ; clk      ; None                        ; None                      ; 12.226 ns               ;
; N/A                                     ; 79.88 MHz ( period = 12.518 ns )                    ; div[0]        ; div[2]    ; clk        ; clk      ; None                        ; None                      ; 12.222 ns               ;
; N/A                                     ; 80.21 MHz ( period = 12.468 ns )                    ; speed[24]     ; div[1]    ; clk        ; clk      ; None                        ; None                      ; 7.749 ns                ;
; N/A                                     ; 80.21 MHz ( period = 12.467 ns )                    ; speed[11]     ; div[1]    ; clk        ; clk      ; None                        ; None                      ; 7.748 ns                ;
; N/A                                     ; 80.23 MHz ( period = 12.464 ns )                    ; speed[24]     ; div[2]    ; clk        ; clk      ; None                        ; None                      ; 7.745 ns                ;
; N/A                                     ; 80.24 MHz ( period = 12.463 ns )                    ; speed[11]     ; div[2]    ; clk        ; clk      ; None                        ; None                      ; 7.744 ns                ;
; N/A                                     ; 80.74 MHz ( period = 12.385 ns )                    ; speed[31]     ; div[1]    ; clk        ; clk      ; None                        ; None                      ; 7.666 ns                ;
; N/A                                     ; 80.77 MHz ( period = 12.381 ns )                    ; speed[31]     ; div[2]    ; clk        ; clk      ; None                        ; None                      ; 7.662 ns                ;
; N/A                                     ; 80.81 MHz ( period = 12.375 ns )                    ; speed[16]     ; div[4]    ; clk        ; clk      ; None                        ; None                      ; 7.656 ns                ;
; N/A                                     ; 80.81 MHz ( period = 12.374 ns )                    ; speed[16]     ; ball_clk  ; clk        ; clk      ; None                        ; None                      ; 7.655 ns                ;
; N/A                                     ; 80.81 MHz ( period = 12.374 ns )                    ; speed[16]     ; div[3]    ; clk        ; clk      ; None                        ; None                      ; 7.655 ns                ;
; N/A                                     ; 80.87 MHz ( period = 12.365 ns )                    ; speed[10]     ; div[4]    ; clk        ; clk      ; None                        ; None                      ; 7.646 ns                ;
; N/A                                     ; 80.88 MHz ( period = 12.364 ns )                    ; speed[10]     ; ball_clk  ; clk        ; clk      ; None                        ; None                      ; 7.645 ns                ;
; N/A                                     ; 80.88 MHz ( period = 12.364 ns )                    ; speed[10]     ; div[3]    ; clk        ; clk      ; None                        ; None                      ; 7.645 ns                ;
; N/A                                     ; 80.89 MHz ( period = 12.363 ns )                    ; speed[20]     ; div[1]    ; clk        ; clk      ; None                        ; None                      ; 7.644 ns                ;
; N/A                                     ; 80.91 MHz ( period = 12.359 ns )                    ; speed[20]     ; div[2]    ; clk        ; clk      ; None                        ; None                      ; 7.640 ns                ;
; N/A                                     ; 80.93 MHz ( period = 12.356 ns )                    ; speed[28]     ; div[1]    ; clk        ; clk      ; None                        ; None                      ; 7.637 ns                ;
; N/A                                     ; 80.96 MHz ( period = 12.352 ns )                    ; speed[28]     ; div[2]    ; clk        ; clk      ; None                        ; None                      ; 7.633 ns                ;
; N/A                                     ; 80.99 MHz ( period = 12.347 ns )                    ; speed[1]      ; div[1]    ; clk        ; clk      ; None                        ; None                      ; 7.628 ns                ;
; N/A                                     ; 81.02 MHz ( period = 12.343 ns )                    ; speed[1]      ; div[2]    ; clk        ; clk      ; None                        ; None                      ; 7.624 ns                ;
; N/A                                     ; 81.69 MHz ( period = 12.242 ns )                    ; ball_place[1] ; die       ; clk        ; clk      ; None                        ; None                      ; 11.981 ns               ;
; N/A                                     ; 82.25 MHz ( period = 12.158 ns )                    ; speed[16]     ; div[1]    ; clk        ; clk      ; None                        ; None                      ; 7.439 ns                ;
; N/A                                     ; 82.28 MHz ( period = 12.154 ns )                    ; speed[16]     ; div[2]    ; clk        ; clk      ; None                        ; None                      ; 7.435 ns                ;
; N/A                                     ; 82.32 MHz ( period = 12.148 ns )                    ; speed[10]     ; div[1]    ; clk        ; clk      ; None                        ; None                      ; 7.429 ns                ;
; N/A                                     ; 82.35 MHz ( period = 12.144 ns )                    ; speed[10]     ; div[2]    ; clk        ; clk      ; None                        ; None                      ; 7.425 ns                ;
; N/A                                     ; 82.37 MHz ( period = 12.141 ns )                    ; ball_place[0] ; die       ; clk        ; clk      ; None                        ; None                      ; 11.880 ns               ;
; N/A                                     ; 82.55 MHz ( period = 12.114 ns )                    ; speed[12]     ; div[4]    ; clk        ; clk      ; None                        ; None                      ; 7.395 ns                ;
; N/A                                     ; 82.56 MHz ( period = 12.113 ns )                    ; speed[12]     ; ball_clk  ; clk        ; clk      ; None                        ; None                      ; 7.394 ns                ;
; N/A                                     ; 82.56 MHz ( period = 12.113 ns )                    ; speed[12]     ; div[3]    ; clk        ; clk      ; None                        ; None                      ; 7.394 ns                ;
; N/A                                     ; 83.56 MHz ( period = 11.967 ns )                    ; speed[4]      ; div[4]    ; clk        ; clk      ; None                        ; None                      ; 7.248 ns                ;
; N/A                                     ; 83.57 MHz ( period = 11.966 ns )                    ; speed[4]      ; ball_clk  ; clk        ; clk      ; None                        ; None                      ; 7.247 ns                ;
; N/A                                     ; 83.57 MHz ( period = 11.966 ns )                    ; speed[4]      ; div[3]    ; clk        ; clk      ; None                        ; None                      ; 7.247 ns                ;
; N/A                                     ; 84.05 MHz ( period = 11.897 ns )                    ; speed[12]     ; div[1]    ; clk        ; clk      ; None                        ; None                      ; 7.178 ns                ;
; N/A                                     ; 84.08 MHz ( period = 11.893 ns )                    ; speed[12]     ; div[2]    ; clk        ; clk      ; None                        ; None                      ; 7.174 ns                ;
; N/A                                     ; 84.25 MHz ( period = 11.869 ns )                    ; ball_place[2] ; die       ; clk        ; clk      ; None                        ; None                      ; 11.608 ns               ;
; N/A                                     ; 84.58 MHz ( period = 11.823 ns )                    ; sorce[3]      ; speed[5]  ; clk        ; clk      ; None                        ; None                      ; 11.625 ns               ;
; N/A                                     ; 84.58 MHz ( period = 11.823 ns )                    ; sorce[3]      ; speed[7]  ; clk        ; clk      ; None                        ; None                      ; 11.625 ns               ;
; N/A                                     ; 84.58 MHz ( period = 11.823 ns )                    ; sorce[3]      ; speed[6]  ; clk        ; clk      ; None                        ; None                      ; 11.625 ns               ;
; N/A                                     ; 84.85 MHz ( period = 11.785 ns )                    ; speed[30]     ; div[4]    ; clk        ; clk      ; None                        ; None                      ; 7.066 ns                ;
; N/A                                     ; 84.86 MHz ( period = 11.784 ns )                    ; speed[30]     ; ball_clk  ; clk        ; clk      ; None                        ; None                      ; 7.065 ns                ;
; N/A                                     ; 84.86 MHz ( period = 11.784 ns )                    ; speed[30]     ; div[3]    ; clk        ; clk      ; None                        ; None                      ; 7.065 ns                ;
; N/A                                     ; 85.11 MHz ( period = 11.750 ns )                    ; speed[4]      ; div[1]    ; clk        ; clk      ; None                        ; None                      ; 7.031 ns                ;
; N/A                                     ; 85.14 MHz ( period = 11.746 ns )                    ; speed[4]      ; div[2]    ; clk        ; clk      ; None                        ; None                      ; 7.027 ns                ;
; N/A                                     ; 85.24 MHz ( period = 11.731 ns )                    ; sorce[2]      ; speed[5]  ; clk        ; clk      ; None                        ; None                      ; 11.533 ns               ;
; N/A                                     ; 85.24 MHz ( period = 11.731 ns )                    ; sorce[2]      ; speed[7]  ; clk        ; clk      ; None                        ; None                      ; 11.533 ns               ;
; N/A                                     ; 85.24 MHz ( period = 11.731 ns )                    ; sorce[2]      ; speed[6]  ; clk        ; clk      ; None                        ; None                      ; 11.533 ns               ;
; N/A                                     ; 85.41 MHz ( period = 11.708 ns )                    ; sorce[8]      ; speed[5]  ; clk        ; clk      ; None                        ; None                      ; 11.510 ns               ;
; N/A                                     ; 85.41 MHz ( period = 11.708 ns )                    ; sorce[8]      ; speed[7]  ; clk        ; clk      ; None                        ; None                      ; 11.510 ns               ;
; N/A                                     ; 85.41 MHz ( period = 11.708 ns )                    ; sorce[8]      ; speed[6]  ; clk        ; clk      ; None                        ; None                      ; 11.510 ns               ;
; N/A                                     ; 85.76 MHz ( period = 11.660 ns )                    ; sorce[5]      ; speed[5]  ; clk        ; clk      ; None                        ; None                      ; 11.462 ns               ;
; N/A                                     ; 85.76 MHz ( period = 11.660 ns )                    ; sorce[5]      ; speed[7]  ; clk        ; clk      ; None                        ; None                      ; 11.462 ns               ;
; N/A                                     ; 85.76 MHz ( period = 11.660 ns )                    ; sorce[5]      ; speed[6]  ; clk        ; clk      ; None                        ; None                      ; 11.462 ns               ;
; N/A                                     ; 86.13 MHz ( period = 11.610 ns )                    ; sorce[7]      ; speed[5]  ; clk        ; clk      ; None                        ; None                      ; 11.412 ns               ;
; N/A                                     ; 86.13 MHz ( period = 11.610 ns )                    ; sorce[7]      ; speed[7]  ; clk        ; clk      ; None                        ; None                      ; 11.412 ns               ;
; N/A                                     ; 86.13 MHz ( period = 11.610 ns )                    ; sorce[7]      ; speed[6]  ; clk        ; clk      ; None                        ; None                      ; 11.412 ns               ;
; N/A                                     ; 86.27 MHz ( period = 11.591 ns )                    ; sorce[4]      ; speed[5]  ; clk        ; clk      ; None                        ; None                      ; 11.393 ns               ;
; N/A                                     ; 86.27 MHz ( period = 11.591 ns )                    ; sorce[4]      ; speed[7]  ; clk        ; clk      ; None                        ; None                      ; 11.393 ns               ;
; N/A                                     ; 86.27 MHz ( period = 11.591 ns )                    ; sorce[4]      ; speed[6]  ; clk        ; clk      ; None                        ; None                      ; 11.393 ns               ;
; N/A                                     ; 86.45 MHz ( period = 11.568 ns )                    ; speed[30]     ; div[1]    ; clk        ; clk      ; None                        ; None                      ; 6.849 ns                ;
; N/A                                     ; 86.48 MHz ( period = 11.564 ns )                    ; speed[30]     ; div[2]    ; clk        ; clk      ; None                        ; None                      ; 6.845 ns                ;
; N/A                                     ; 86.64 MHz ( period = 11.542 ns )                    ; sorce[10]     ; speed[5]  ; clk        ; clk      ; None                        ; None                      ; 11.344 ns               ;
; N/A                                     ; 86.64 MHz ( period = 11.542 ns )                    ; sorce[10]     ; speed[7]  ; clk        ; clk      ; None                        ; None                      ; 11.344 ns               ;
; N/A                                     ; 86.64 MHz ( period = 11.542 ns )                    ; sorce[10]     ; speed[6]  ; clk        ; clk      ; None                        ; None                      ; 11.344 ns               ;
; N/A                                     ; 86.67 MHz ( period = 11.538 ns )                    ; sorce[3]      ; speed[2]  ; clk        ; clk      ; None                        ; None                      ; 11.340 ns               ;
; N/A                                     ; 86.67 MHz ( period = 11.538 ns )                    ; sorce[3]      ; speed[3]  ; clk        ; clk      ; None                        ; None                      ; 11.340 ns               ;
; N/A                                     ; 86.67 MHz ( period = 11.538 ns )                    ; sorce[3]      ; speed[8]  ; clk        ; clk      ; None                        ; None                      ; 11.340 ns               ;
; N/A                                     ; 86.94 MHz ( period = 11.502 ns )                    ; sorce[6]      ; speed[5]  ; clk        ; clk      ; None                        ; None                      ; 11.304 ns               ;
; N/A                                     ; 86.94 MHz ( period = 11.502 ns )                    ; sorce[6]      ; speed[7]  ; clk        ; clk      ; None                        ; None                      ; 11.304 ns               ;
; N/A                                     ; 86.94 MHz ( period = 11.502 ns )                    ; sorce[6]      ; speed[6]  ; clk        ; clk      ; None                        ; None                      ; 11.304 ns               ;
; N/A                                     ; 87.01 MHz ( period = 11.493 ns )                    ; sorce[3]      ; speed[31] ; clk        ; clk      ; None                        ; None                      ; 11.232 ns               ;
; N/A                                     ; 87.01 MHz ( period = 11.493 ns )                    ; sorce[3]      ; speed[25] ; clk        ; clk      ; None                        ; None                      ; 11.232 ns               ;
; N/A                                     ; 87.01 MHz ( period = 11.493 ns )                    ; sorce[3]      ; speed[27] ; clk        ; clk      ; None                        ; None                      ; 11.232 ns               ;
; N/A                                     ; 87.01 MHz ( period = 11.493 ns )                    ; sorce[3]      ; speed[26] ; clk        ; clk      ; None                        ; None                      ; 11.232 ns               ;
; N/A                                     ; 87.01 MHz ( period = 11.493 ns )                    ; sorce[3]      ; speed[20] ; clk        ; clk      ; None                        ; None                      ; 11.232 ns               ;
; N/A                                     ; 87.01 MHz ( period = 11.493 ns )                    ; sorce[3]      ; speed[24] ; clk        ; clk      ; None                        ; None                      ; 11.232 ns               ;
; N/A                                     ; 87.01 MHz ( period = 11.493 ns )                    ; sorce[3]      ; speed[23] ; clk        ; clk      ; None                        ; None                      ; 11.232 ns               ;
; N/A                                     ; 87.01 MHz ( period = 11.493 ns )                    ; sorce[3]      ; speed[22] ; clk        ; clk      ; None                        ; None                      ; 11.232 ns               ;
; N/A                                     ; 87.01 MHz ( period = 11.493 ns )                    ; sorce[3]      ; speed[21] ; clk        ; clk      ; None                        ; None                      ; 11.232 ns               ;
; N/A                                     ; 87.01 MHz ( period = 11.493 ns )                    ; sorce[3]      ; speed[16] ; clk        ; clk      ; None                        ; None                      ; 11.232 ns               ;
; N/A                                     ; 87.04 MHz ( period = 11.489 ns )                    ; sorce[3]      ; speed[15] ; clk        ; clk      ; None                        ; None                      ; 11.228 ns               ;
; N/A                                     ; 87.04 MHz ( period = 11.489 ns )                    ; sorce[3]      ; speed[19] ; clk        ; clk      ; None                        ; None                      ; 11.228 ns               ;
; N/A                                     ; 87.04 MHz ( period = 11.489 ns )                    ; sorce[3]      ; speed[18] ; clk        ; clk      ; None                        ; None                      ; 11.228 ns               ;
; N/A                                     ; 87.04 MHz ( period = 11.489 ns )                    ; sorce[3]      ; speed[17] ; clk        ; clk      ; None                        ; None                      ; 11.228 ns               ;
; N/A                                     ; 87.04 MHz ( period = 11.489 ns )                    ; sorce[3]      ; speed[10] ; clk        ; clk      ; None                        ; None                      ; 11.228 ns               ;
; N/A                                     ; 87.04 MHz ( period = 11.489 ns )                    ; sorce[3]      ; speed[14] ; clk        ; clk      ; None                        ; None                      ; 11.228 ns               ;
; N/A                                     ; 87.04 MHz ( period = 11.489 ns )                    ; sorce[3]      ; speed[13] ; clk        ; clk      ; None                        ; None                      ; 11.228 ns               ;
; N/A                                     ; 87.04 MHz ( period = 11.489 ns )                    ; sorce[3]      ; speed[12] ; clk        ; clk      ; None                        ; None                      ; 11.228 ns               ;
; N/A                                     ; 87.04 MHz ( period = 11.489 ns )                    ; sorce[3]      ; speed[11] ; clk        ; clk      ; None                        ; None                      ; 11.228 ns               ;
; N/A                                     ; 87.04 MHz ( period = 11.489 ns )                    ; sorce[3]      ; speed[9]  ; clk        ; clk      ; None                        ; None                      ; 11.228 ns               ;
; N/A                                     ; 87.12 MHz ( period = 11.479 ns )                    ; sorce[13]     ; speed[5]  ; clk        ; clk      ; None                        ; None                      ; 11.281 ns               ;
; N/A                                     ; 87.12 MHz ( period = 11.479 ns )                    ; sorce[13]     ; speed[7]  ; clk        ; clk      ; None                        ; None                      ; 11.281 ns               ;
; N/A                                     ; 87.12 MHz ( period = 11.479 ns )                    ; sorce[13]     ; speed[6]  ; clk        ; clk      ; None                        ; None                      ; 11.281 ns               ;
; N/A                                     ; 87.22 MHz ( period = 11.465 ns )                    ; sorce[9]      ; speed[5]  ; clk        ; clk      ; None                        ; None                      ; 11.267 ns               ;
; N/A                                     ; 87.22 MHz ( period = 11.465 ns )                    ; sorce[9]      ; speed[7]  ; clk        ; clk      ; None                        ; None                      ; 11.267 ns               ;
; N/A                                     ; 87.22 MHz ( period = 11.465 ns )                    ; sorce[9]      ; speed[6]  ; clk        ; clk      ; None                        ; None                      ; 11.267 ns               ;
; N/A                                     ; 87.37 MHz ( period = 11.446 ns )                    ; sorce[2]      ; speed[2]  ; clk        ; clk      ; None                        ; None                      ; 11.248 ns               ;
; N/A                                     ; 87.37 MHz ( period = 11.446 ns )                    ; sorce[2]      ; speed[3]  ; clk        ; clk      ; None                        ; None                      ; 11.248 ns               ;
; N/A                                     ; 87.37 MHz ( period = 11.446 ns )                    ; sorce[2]      ; speed[8]  ; clk        ; clk      ; None                        ; None                      ; 11.248 ns               ;
; N/A                                     ; 87.44 MHz ( period = 11.437 ns )                    ; speed[6]      ; div[4]    ; clk        ; clk      ; None                        ; None                      ; 6.655 ns                ;
; N/A                                     ; 87.44 MHz ( period = 11.436 ns )                    ; speed[6]      ; ball_clk  ; clk        ; clk      ; None                        ; None                      ; 6.654 ns                ;
; N/A                                     ; 87.44 MHz ( period = 11.436 ns )                    ; speed[6]      ; div[3]    ; clk        ; clk      ; None                        ; None                      ; 6.654 ns                ;
; N/A                                     ; 87.54 MHz ( period = 11.423 ns )                    ; sorce[8]      ; speed[2]  ; clk        ; clk      ; None                        ; None                      ; 11.225 ns               ;
; N/A                                     ; 87.54 MHz ( period = 11.423 ns )                    ; sorce[8]      ; speed[3]  ; clk        ; clk      ; None                        ; None                      ; 11.225 ns               ;
; N/A                                     ; 87.54 MHz ( period = 11.423 ns )                    ; sorce[8]      ; speed[8]  ; clk        ; clk      ; None                        ; None                      ; 11.225 ns               ;
; N/A                                     ; 87.71 MHz ( period = 11.401 ns )                    ; sorce[2]      ; speed[20] ; clk        ; clk      ; None                        ; None                      ; 11.140 ns               ;
; N/A                                     ; 87.71 MHz ( period = 11.401 ns )                    ; sorce[2]      ; speed[24] ; clk        ; clk      ; None                        ; None                      ; 11.140 ns               ;
; N/A                                     ; 87.71 MHz ( period = 11.401 ns )                    ; sorce[2]      ; speed[23] ; clk        ; clk      ; None                        ; None                      ; 11.140 ns               ;
; N/A                                     ; 87.71 MHz ( period = 11.401 ns )                    ; sorce[2]      ; speed[22] ; clk        ; clk      ; None                        ; None                      ; 11.140 ns               ;
; N/A                                     ; 87.71 MHz ( period = 11.401 ns )                    ; sorce[2]      ; speed[21] ; clk        ; clk      ; None                        ; None                      ; 11.140 ns               ;
; Timing analysis restricted to 200 rows. ; To change the limit use Settings (Assignments menu) ;               ;           ;            ;          ;                             ;                           ;                         ;
+-----------------------------------------+-----------------------------------------------------+---------------+-----------+------------+----------+-----------------------------+---------------------------+-------------------------+


+-------------------------------------------------------------------------------------------------------------------------------------------------------------------------------+
; Clock Hold: 'clk'                                                                                                                                                             ;
+------------------------------------------+----------+------------+------------+----------+----------------------------+----------------------------+--------------------------+
; Minimum Slack                            ; From     ; To         ; From Clock ; To Clock ; Required Hold Relationship ; Required Shortest P2P Time ; Actual Shortest P2P Time ;
+------------------------------------------+----------+------------+------------+----------+----------------------------+----------------------------+--------------------------+
; Not operational: Clock Skew > Data Delay ; Radom[0] ; map[31][3] ; clk        ; clk      ; None                       ; None                       ; 3.799 ns                 ;
; Not operational: Clock Skew > Data Delay ; Radom[0] ; map[31][1] ; clk        ; clk      ; None                       ; None                       ; 3.802 ns                 ;
; Not operational: Clock Skew > Data Delay ; Radom[0] ; map[29][1] ; clk        ; clk      ; None                       ; None                       ; 3.803 ns                 ;
; Not operational: Clock Skew > Data Delay ; Radom[0] ; map[30][1] ; clk        ; clk      ; None                       ; None                       ; 3.928 ns                 ;
; Not operational: Clock Skew > Data Delay ; Radom[0] ; map[30][3] ; clk        ; clk      ; None                       ; None                       ; 4.047 ns                 ;
+------------------------------------------+----------+------------+------------+----------+----------------------------+----------------------------+--------------------------+


+---------------------------------------------------------------------+
; tsu                                                                 ;
+-------+--------------+------------+------+---------------+----------+
; Slack ; Required tsu ; Actual tsu ; From ; To            ; To Clock ;
+-------+--------------+------------+------+---------------+----------+
; N/A   ; None         ; 12.152 ns  ; jump ; die           ; clk      ;
; N/A   ; None         ; 8.973 ns   ; jump ; map[4][3]     ; clk      ;
; N/A   ; None         ; 8.297 ns   ; jump ; map[4][1]     ; clk      ;
; N/A   ; None         ; 8.059 ns   ; jump ; map[3][3]     ; clk      ;
; N/A   ; None         ; 8.034 ns   ; jump ; map[5][3]     ; clk      ;
; N/A   ; None         ; 7.998 ns   ; jump ; map[3][6]     ; clk      ;
; N/A   ; None         ; 7.998 ns   ; jump ; map[4][6]     ; clk      ;
; N/A   ; None         ; 7.942 ns   ; jump ; map[5][2]     ; clk      ;
; N/A   ; None         ; 7.896 ns   ; jump ; map[3][1]     ; clk      ;
; N/A   ; None         ; 7.828 ns   ; jump ; map[3][4]     ; clk      ;
; N/A   ; None         ; 7.827 ns   ; jump ; map[5][4]     ; clk      ;
; N/A   ; None         ; 7.822 ns   ; jump ; map[4][4]     ; clk      ;
; N/A   ; None         ; 7.683 ns   ; jump ; map[4][5]     ; clk      ;
; N/A   ; None         ; 7.681 ns   ; jump ; map[5][5]     ; clk      ;
; N/A   ; None         ; 7.681 ns   ; jump ; map[3][5]     ; clk      ;
; N/A   ; None         ; 7.497 ns   ; jump ; map[3][2]     ; clk      ;
; N/A   ; None         ; 7.496 ns   ; jump ; map[4][2]     ; clk      ;
; N/A   ; None         ; 7.431 ns   ; jump ; map[2][2]     ; clk      ;
; N/A   ; None         ; 7.172 ns   ; jump ; map[2][3]     ; clk      ;
; N/A   ; None         ; 6.916 ns   ; jump ; map[5][6]     ; clk      ;
; N/A   ; None         ; 6.901 ns   ; jump ; map[2][5]     ; clk      ;
; N/A   ; None         ; 6.849 ns   ; jump ; map[4][7]     ; clk      ;
; N/A   ; None         ; 6.846 ns   ; jump ; map[5][7]     ; clk      ;
; N/A   ; None         ; 6.846 ns   ; jump ; map[3][7]     ; clk      ;
; N/A   ; None         ; 6.565 ns   ; jump ; map[2][7]     ; clk      ;
; N/A   ; None         ; 6.470 ns   ; jump ; map[2][6]     ; clk      ;
; N/A   ; None         ; 6.200 ns   ; jump ; map[2][4]     ; clk      ;
; N/A   ; None         ; 5.933 ns   ; jump ; map[2][8]     ; clk      ;
; N/A   ; None         ; 5.880 ns   ; jump ; map[4][9]     ; clk      ;
; N/A   ; None         ; 5.878 ns   ; jump ; map[3][9]     ; clk      ;
; N/A   ; None         ; 5.820 ns   ; jump ; map[4][8]     ; clk      ;
; N/A   ; None         ; 5.703 ns   ; jump ; ball_place[2] ; clk      ;
; N/A   ; None         ; 5.674 ns   ; jump ; ball_place[1] ; clk      ;
; N/A   ; None         ; 5.664 ns   ; jump ; map[3][8]     ; clk      ;
; N/A   ; None         ; 5.605 ns   ; jump ; map[5][9]     ; clk      ;
; N/A   ; None         ; 5.569 ns   ; jump ; map[5][8]     ; clk      ;
; N/A   ; None         ; 5.077 ns   ; jump ; map[5][1]     ; clk      ;
; N/A   ; None         ; 4.618 ns   ; jump ; map[3][0]     ; clk      ;
; N/A   ; None         ; 4.617 ns   ; jump ; map[4][0]     ; clk      ;
; N/A   ; None         ; 4.472 ns   ; jump ; map[2][1]     ; clk      ;
; N/A   ; None         ; 4.455 ns   ; jump ; ball_place[0] ; clk      ;
; N/A   ; None         ; 4.271 ns   ; jump ; map[2][9]     ; clk      ;
; N/A   ; None         ; 4.246 ns   ; jump ; map[3][10]    ; clk      ;
; N/A   ; None         ; 4.243 ns   ; jump ; map[4][10]    ; clk      ;
; N/A   ; None         ; 2.631 ns   ; jump ; jump_en       ; clk      ;
+-------+--------------+------------+------+---------------+----------+


+-------------------------------------------------------------------------------+
; tco                                                                           ;
+-------+--------------+------------+-----------------+------------+------------+
; Slack ; Required tco ; Actual tco ; From            ; To         ; From Clock ;
+-------+--------------+------------+-----------------+------------+------------+
; N/A   ; None         ; 11.105 ns  ; column[10]~reg0 ; column[10] ; clk        ;
; N/A   ; None         ; 10.807 ns  ; column[13]~reg0 ; column[13] ; clk        ;
; N/A   ; None         ; 10.791 ns  ; column[9]~reg0  ; column[9]  ; clk        ;
; N/A   ; None         ; 10.761 ns  ; column[7]~reg0  ; column[7]  ; clk        ;
; N/A   ; None         ; 10.758 ns  ; column[11]~reg0 ; column[11] ; clk        ;
; N/A   ; None         ; 10.725 ns  ; column[12]~reg0 ; column[12] ; clk        ;
; N/A   ; None         ; 10.492 ns  ; column[5]~reg0  ; column[5]  ; clk        ;
; N/A   ; None         ; 10.332 ns  ; column[8]~reg0  ; column[8]  ; clk        ;
; N/A   ; None         ; 10.325 ns  ; column[14]~reg0 ; column[14] ; clk        ;
; N/A   ; None         ; 10.320 ns  ; column[15]~reg0 ; column[15] ; clk        ;
; N/A   ; None         ; 10.257 ns  ; column[6]~reg0  ; column[6]  ; clk        ;
; N/A   ; None         ; 9.318 ns   ; com[0]~reg0     ; com[0]     ; clk        ;
; N/A   ; None         ; 9.225 ns   ; com[10]~reg0    ; com[10]    ; clk        ;
; N/A   ; None         ; 9.096 ns   ; com[6]~reg0     ; com[6]     ; clk        ;
; N/A   ; None         ; 9.036 ns   ; com[5]~reg0     ; com[5]     ; clk        ;
; N/A   ; None         ; 9.027 ns   ; com[3]~reg0     ; com[3]     ; clk        ;
; N/A   ; None         ; 8.953 ns   ; com[1]~reg0     ; com[1]     ; clk        ;
; N/A   ; None         ; 8.890 ns   ; com[2]~reg0     ; com[2]     ; clk        ;
; N/A   ; None         ; 8.863 ns   ; com[4]~reg0     ; com[4]     ; clk        ;
; N/A   ; None         ; 8.470 ns   ; com[12]~reg0    ; com[12]    ; clk        ;
; N/A   ; None         ; 8.406 ns   ; com[7]~reg0     ; com[7]     ; clk        ;
; N/A   ; None         ; 8.207 ns   ; com[8]~reg0     ; com[8]     ; clk        ;
; N/A   ; None         ; 8.151 ns   ; com[9]~reg0     ; com[9]     ; clk        ;
; N/A   ; None         ; 8.147 ns   ; com[11]~reg0    ; com[11]    ; clk        ;
; N/A   ; None         ; 7.958 ns   ; com[13]~reg0    ; com[13]    ; clk        ;
; N/A   ; None         ; 7.438 ns   ; com[29]~reg0    ; com[29]    ; clk        ;
; N/A   ; None         ; 7.436 ns   ; com[27]~reg0    ; com[27]    ; clk        ;
; N/A   ; None         ; 7.388 ns   ; com[30]~reg0    ; com[30]    ; clk        ;
; N/A   ; None         ; 7.386 ns   ; com[26]~reg0    ; com[26]    ; clk        ;
; N/A   ; None         ; 7.374 ns   ; com[28]~reg0    ; com[28]    ; clk        ;
; N/A   ; None         ; 7.372 ns   ; com[22]~reg0    ; com[22]    ; clk        ;
; N/A   ; None         ; 7.187 ns   ; column[4]~reg0  ; column[4]  ; clk        ;
; N/A   ; None         ; 7.183 ns   ; column[3]~reg0  ; column[3]  ; clk        ;
; N/A   ; None         ; 7.134 ns   ; com[16]~reg0    ; com[16]    ; clk        ;
; N/A   ; None         ; 7.134 ns   ; com[25]~reg0    ; com[25]    ; clk        ;
; N/A   ; None         ; 7.129 ns   ; com[21]~reg0    ; com[21]    ; clk        ;
; N/A   ; None         ; 7.120 ns   ; com[15]~reg0    ; com[15]    ; clk        ;
; N/A   ; None         ; 7.110 ns   ; com[24]~reg0    ; com[24]    ; clk        ;
; N/A   ; None         ; 6.933 ns   ; com[18]~reg0    ; com[18]    ; clk        ;
; N/A   ; None         ; 6.904 ns   ; com[14]~reg0    ; com[14]    ; clk        ;
; N/A   ; None         ; 6.875 ns   ; column[0]~reg0  ; column[0]  ; clk        ;
; N/A   ; None         ; 6.875 ns   ; column[1]~reg0  ; column[1]  ; clk        ;
; N/A   ; None         ; 6.875 ns   ; column[2]~reg0  ; column[2]  ; clk        ;
; N/A   ; None         ; 6.680 ns   ; com[17]~reg0    ; com[17]    ; clk        ;
; N/A   ; None         ; 6.677 ns   ; com[19]~reg0    ; com[19]    ; clk        ;
; N/A   ; None         ; 6.665 ns   ; com[20]~reg0    ; com[20]    ; clk        ;
; N/A   ; None         ; 6.662 ns   ; com[23]~reg0    ; com[23]    ; clk        ;
; N/A   ; None         ; 6.662 ns   ; com[31]~reg0    ; com[31]    ; clk        ;
+-------+--------------+------------+-----------------+------------+------------+


+---------------------------------------------------------------------------+
; th                                                                        ;
+---------------+-------------+-----------+------+---------------+----------+
; Minimum Slack ; Required th ; Actual th ; From ; To            ; To Clock ;
+---------------+-------------+-----------+------+---------------+----------+
; N/A           ; None        ; -2.579 ns ; jump ; jump_en       ; clk      ;
; N/A           ; None        ; -4.191 ns ; jump ; map[4][10]    ; clk      ;
; N/A           ; None        ; -4.194 ns ; jump ; map[3][10]    ; clk      ;
; N/A           ; None        ; -4.219 ns ; jump ; map[2][9]     ; clk      ;
; N/A           ; None        ; -4.403 ns ; jump ; ball_place[0] ; clk      ;
; N/A           ; None        ; -4.420 ns ; jump ; map[2][1]     ; clk      ;
; N/A           ; None        ; -4.565 ns ; jump ; map[4][0]     ; clk      ;
; N/A           ; None        ; -4.566 ns ; jump ; map[3][0]     ; clk      ;
; N/A           ; None        ; -5.025 ns ; jump ; map[5][1]     ; clk      ;
; N/A           ; None        ; -5.066 ns ; jump ; map[4][9]     ; clk      ;
; N/A           ; None        ; -5.072 ns ; jump ; map[3][9]     ; clk      ;
; N/A           ; None        ; -5.286 ns ; jump ; map[2][5]     ; clk      ;
; N/A           ; None        ; -5.293 ns ; jump ; map[2][8]     ; clk      ;
; N/A           ; None        ; -5.424 ns ; jump ; map[4][5]     ; clk      ;
; N/A           ; None        ; -5.425 ns ; jump ; map[3][5]     ; clk      ;
; N/A           ; None        ; -5.445 ns ; jump ; map[3][6]     ; clk      ;
; N/A           ; None        ; -5.446 ns ; jump ; map[4][6]     ; clk      ;
; N/A           ; None        ; -5.517 ns ; jump ; map[5][8]     ; clk      ;
; N/A           ; None        ; -5.521 ns ; jump ; map[3][8]     ; clk      ;
; N/A           ; None        ; -5.553 ns ; jump ; map[5][9]     ; clk      ;
; N/A           ; None        ; -5.566 ns ; jump ; map[2][6]     ; clk      ;
; N/A           ; None        ; -5.610 ns ; jump ; map[4][8]     ; clk      ;
; N/A           ; None        ; -5.622 ns ; jump ; ball_place[1] ; clk      ;
; N/A           ; None        ; -5.651 ns ; jump ; ball_place[2] ; clk      ;
; N/A           ; None        ; -5.712 ns ; jump ; map[3][4]     ; clk      ;
; N/A           ; None        ; -5.772 ns ; jump ; map[4][4]     ; clk      ;
; N/A           ; None        ; -5.873 ns ; jump ; map[2][4]     ; clk      ;
; N/A           ; None        ; -5.877 ns ; jump ; die           ; clk      ;
; N/A           ; None        ; -6.039 ns ; jump ; map[5][5]     ; clk      ;
; N/A           ; None        ; -6.101 ns ; jump ; map[5][6]     ; clk      ;
; N/A           ; None        ; -6.101 ns ; jump ; map[2][7]     ; clk      ;
; N/A           ; None        ; -6.396 ns ; jump ; map[4][7]     ; clk      ;
; N/A           ; None        ; -6.464 ns ; jump ; map[3][7]     ; clk      ;
; N/A           ; None        ; -6.675 ns ; jump ; map[5][7]     ; clk      ;
; N/A           ; None        ; -6.706 ns ; jump ; map[2][3]     ; clk      ;
; N/A           ; None        ; -7.218 ns ; jump ; map[4][2]     ; clk      ;
; N/A           ; None        ; -7.221 ns ; jump ; map[3][2]     ; clk      ;
; N/A           ; None        ; -7.225 ns ; jump ; map[2][2]     ; clk      ;
; N/A           ; None        ; -7.270 ns ; jump ; map[3][3]     ; clk      ;
; N/A           ; None        ; -7.462 ns ; jump ; map[5][4]     ; clk      ;
; N/A           ; None        ; -7.615 ns ; jump ; map[5][2]     ; clk      ;
; N/A           ; None        ; -7.636 ns ; jump ; map[3][1]     ; clk      ;
; N/A           ; None        ; -7.751 ns ; jump ; map[5][3]     ; clk      ;
; N/A           ; None        ; -7.836 ns ; jump ; map[4][1]     ; clk      ;
; N/A           ; None        ; -8.184 ns ; jump ; map[4][3]     ; clk      ;
+---------------+-------------+-----------+------+---------------+----------+


+--------------------------+
; Timing Analyzer Messages ;
+--------------------------+
Info: *******************************************************************
Info: Running Quartus II Classic Timing Analyzer
    Info: Version 9.0 Build 132 02/25/2009 SJ Web Edition
    Info: Processing started: Tue Jun 02 14:10:09 2020
Info: Command: quartus_tan --read_settings_files=off --write_settings_files=off project -c project --timing_analysis_only
Warning: Found pins functioning as undefined clocks and/or memory enables
    Info: Assuming node "clk" is an undefined clock
Warning: Found 1 node(s) in clock paths which may be acting as ripple and/or gated clocks -- node(s) analyzed as buffer(s) resulting in clock skew
    Info: Detected ripple clock "ball_clk" as buffer
Info: Clock "clk" has Internal fmax of 71.28 MHz between source register "speed[18]" and destination register "div[4]" (period= 14.03 ns)
    Info: + Longest register to register delay is 9.311 ns
        Info: 1: + IC(0.000 ns) + CELL(0.000 ns) = 0.000 ns; Loc. = LC_X37_Y12_N0; Fanout = 4; REG Node = 'speed[18]'
        Info: 2: + IC(1.238 ns) + CELL(0.590 ns) = 1.828 ns; Loc. = LC_X36_Y12_N2; Fanout = 1; COMB Node = 'always0~4'
        Info: 3: + IC(0.733 ns) + CELL(0.292 ns) = 2.853 ns; Loc. = LC_X35_Y12_N7; Fanout = 1; COMB Node = 'always0~6'
        Info: 4: + IC(1.211 ns) + CELL(0.442 ns) = 4.506 ns; Loc. = LC_X35_Y15_N0; Fanout = 1; COMB Node = 'always0~7'
        Info: 5: + IC(0.415 ns) + CELL(0.114 ns) = 5.035 ns; Loc. = LC_X35_Y15_N3; Fanout = 6; COMB Node = 'always0~0'
        Info: 6: + IC(3.798 ns) + CELL(0.478 ns) = 9.311 ns; Loc. = LC_X8_Y13_N2; Fanout = 5; REG Node = 'div[4]'
        Info: Total cell delay = 1.916 ns ( 20.58 % )
        Info: Total interconnect delay = 7.395 ns ( 79.42 % )
    Info: - Smallest clock skew is -4.458 ns
        Info: + Shortest clock path from clock "clk" to destination register is 3.211 ns
            Info: 1: + IC(0.000 ns) + CELL(1.469 ns) = 1.469 ns; Loc. = PIN_28; Fanout = 66; CLK Node = 'clk'
            Info: 2: + IC(1.031 ns) + CELL(0.711 ns) = 3.211 ns; Loc. = LC_X8_Y13_N2; Fanout = 5; REG Node = 'div[4]'
            Info: Total cell delay = 2.180 ns ( 67.89 % )
            Info: Total interconnect delay = 1.031 ns ( 32.11 % )
        Info: - Longest clock path from clock "clk" to source register is 7.669 ns
            Info: 1: + IC(0.000 ns) + CELL(1.469 ns) = 1.469 ns; Loc. = PIN_28; Fanout = 66; CLK Node = 'clk'
            Info: 2: + IC(1.031 ns) + CELL(0.935 ns) = 3.435 ns; Loc. = LC_X8_Y13_N9; Fanout = 191; REG Node = 'ball_clk'
            Info: 3: + IC(3.523 ns) + CELL(0.711 ns) = 7.669 ns; Loc. = LC_X37_Y12_N0; Fanout = 4; REG Node = 'speed[18]'
            Info: Total cell delay = 3.115 ns ( 40.62 % )
            Info: Total interconnect delay = 4.554 ns ( 59.38 % )
    Info: + Micro clock to output delay of source is 0.224 ns
    Info: + Micro setup delay of destination is 0.037 ns
Warning: Circuit may not operate. Detected 5 non-operational path(s) clocked by clock "clk" with clock skew larger than data delay. See Compilation Report for details.
Info: Found hold time violation between source  pin or register "Radom[0]" and destination pin or register "map[31][3]" for clock "clk" (Hold time is 511 ps)
    Info: + Largest clock skew is 4.519 ns
        Info: + Longest clock path from clock "clk" to destination register is 7.765 ns
            Info: 1: + IC(0.000 ns) + CELL(1.469 ns) = 1.469 ns; Loc. = PIN_28; Fanout = 66; CLK Node = 'clk'
            Info: 2: + IC(1.031 ns) + CELL(0.935 ns) = 3.435 ns; Loc. = LC_X8_Y13_N9; Fanout = 191; REG Node = 'ball_clk'
            Info: 3: + IC(3.619 ns) + CELL(0.711 ns) = 7.765 ns; Loc. = LC_X26_Y14_N3; Fanout = 3; REG Node = 'map[31][3]'
            Info: Total cell delay = 3.115 ns ( 40.12 % )
            Info: Total interconnect delay = 4.650 ns ( 59.88 % )
        Info: - Shortest clock path from clock "clk" to source register is 3.246 ns
            Info: 1: + IC(0.000 ns) + CELL(1.469 ns) = 1.469 ns; Loc. = PIN_28; Fanout = 66; CLK Node = 'clk'
            Info: 2: + IC(1.066 ns) + CELL(0.711 ns) = 3.246 ns; Loc. = LC_X22_Y17_N1; Fanout = 7; REG Node = 'Radom[0]'
            Info: Total cell delay = 2.180 ns ( 67.16 % )
            Info: Total interconnect delay = 1.066 ns ( 32.84 % )
    Info: - Micro clock to output delay of source is 0.224 ns
    Info: - Shortest register to register delay is 3.799 ns
        Info: 1: + IC(0.000 ns) + CELL(0.000 ns) = 0.000 ns; Loc. = LC_X22_Y17_N1; Fanout = 7; REG Node = 'Radom[0]'
        Info: 2: + IC(1.239 ns) + CELL(0.442 ns) = 1.681 ns; Loc. = LC_X22_Y16_N8; Fanout = 5; COMB Node = 'lpm_divide:Mod0|lpm_divide_etl:auto_generated|sign_div_unsign_7kh:divider|alt_u_div_une:divider|StageOut[15]~38'
        Info: 3: + IC(1.640 ns) + CELL(0.478 ns) = 3.799 ns; Loc. = LC_X26_Y14_N3; Fanout = 3; REG Node = 'map[31][3]'
        Info: Total cell delay = 0.920 ns ( 24.22 % )
        Info: Total interconnect delay = 2.879 ns ( 75.78 % )
    Info: + Micro hold delay of destination is 0.015 ns
Info: tsu for register "die" (data pin = "jump", clock pin = "clk") is 12.152 ns
    Info: + Longest pin to register delay is 19.856 ns
        Info: 1: + IC(0.000 ns) + CELL(1.475 ns) = 1.475 ns; Loc. = PIN_226; Fanout = 4; PIN Node = 'jump'
        Info: 2: + IC(8.125 ns) + CELL(0.590 ns) = 10.190 ns; Loc. = LC_X32_Y17_N0; Fanout = 37; COMB Node = 'always1~1'
        Info: 3: + IC(1.282 ns) + CELL(0.590 ns) = 12.062 ns; Loc. = LC_X30_Y17_N6; Fanout = 15; COMB Node = 'ball_place~13'
        Info: 4: + IC(1.219 ns) + CELL(0.590 ns) = 13.871 ns; Loc. = LC_X28_Y17_N1; Fanout = 1; COMB Node = 'Mux1~0'
        Info: 5: + IC(1.610 ns) + CELL(0.442 ns) = 15.923 ns; Loc. = LC_X26_Y18_N6; Fanout = 1; COMB Node = 'Mux1~1'
        Info: 6: + IC(1.618 ns) + CELL(0.442 ns) = 17.983 ns; Loc. = LC_X30_Y16_N0; Fanout = 1; COMB Node = 'Mux1~7'
        Info: 7: + IC(0.412 ns) + CELL(0.442 ns) = 18.837 ns; Loc. = LC_X30_Y16_N3; Fanout = 1; COMB Node = 'die~18'
        Info: 8: + IC(0.412 ns) + CELL(0.607 ns) = 19.856 ns; Loc. = LC_X30_Y16_N8; Fanout = 1; REG Node = 'die'
        Info: Total cell delay = 5.178 ns ( 26.08 % )
        Info: Total interconnect delay = 14.678 ns ( 73.92 % )
    Info: + Micro setup delay of destination is 0.037 ns
    Info: - Shortest clock path from clock "clk" to destination register is 7.741 ns
        Info: 1: + IC(0.000 ns) + CELL(1.469 ns) = 1.469 ns; Loc. = PIN_28; Fanout = 66; CLK Node = 'clk'
        Info: 2: + IC(1.031 ns) + CELL(0.935 ns) = 3.435 ns; Loc. = LC_X8_Y13_N9; Fanout = 191; REG Node = 'ball_clk'
        Info: 3: + IC(3.595 ns) + CELL(0.711 ns) = 7.741 ns; Loc. = LC_X30_Y16_N8; Fanout = 1; REG Node = 'die'
        Info: Total cell delay = 3.115 ns ( 40.24 % )
        Info: Total interconnect delay = 4.626 ns ( 59.76 % )
Info: tco from clock "clk" to destination pin "column[10]" through register "column[10]~reg0" is 11.105 ns
    Info: + Longest clock path from clock "clk" to source register is 3.187 ns
        Info: 1: + IC(0.000 ns) + CELL(1.469 ns) = 1.469 ns; Loc. = PIN_28; Fanout = 66; CLK Node = 'clk'
        Info: 2: + IC(1.007 ns) + CELL(0.711 ns) = 3.187 ns; Loc. = LC_X31_Y18_N6; Fanout = 1; REG Node = 'column[10]~reg0'
        Info: Total cell delay = 2.180 ns ( 68.40 % )
        Info: Total interconnect delay = 1.007 ns ( 31.60 % )
    Info: + Micro clock to output delay of source is 0.224 ns
    Info: + Longest register to pin delay is 7.694 ns
        Info: 1: + IC(0.000 ns) + CELL(0.000 ns) = 0.000 ns; Loc. = LC_X31_Y18_N6; Fanout = 1; REG Node = 'column[10]~reg0'
        Info: 2: + IC(5.586 ns) + CELL(2.108 ns) = 7.694 ns; Loc. = PIN_66; Fanout = 0; PIN Node = 'column[10]'
        Info: Total cell delay = 2.108 ns ( 27.40 % )
        Info: Total interconnect delay = 5.586 ns ( 72.60 % )
Info: th for register "jump_en" (data pin = "jump", clock pin = "clk") is -2.579 ns
    Info: + Longest clock path from clock "clk" to destination register is 7.741 ns
        Info: 1: + IC(0.000 ns) + CELL(1.469 ns) = 1.469 ns; Loc. = PIN_28; Fanout = 66; CLK Node = 'clk'
        Info: 2: + IC(1.031 ns) + CELL(0.935 ns) = 3.435 ns; Loc. = LC_X8_Y13_N9; Fanout = 191; REG Node = 'ball_clk'
        Info: 3: + IC(3.595 ns) + CELL(0.711 ns) = 7.741 ns; Loc. = LC_X32_Y17_N2; Fanout = 3; REG Node = 'jump_en'
        Info: Total cell delay = 3.115 ns ( 40.24 % )
        Info: Total interconnect delay = 4.626 ns ( 59.76 % )
    Info: + Micro hold delay of destination is 0.015 ns
    Info: - Shortest pin to register delay is 10.335 ns
        Info: 1: + IC(0.000 ns) + CELL(1.475 ns) = 1.475 ns; Loc. = PIN_226; Fanout = 4; PIN Node = 'jump'
        Info: 2: + IC(8.122 ns) + CELL(0.738 ns) = 10.335 ns; Loc. = LC_X32_Y17_N2; Fanout = 3; REG Node = 'jump_en'
        Info: Total cell delay = 2.213 ns ( 21.41 % )
        Info: Total interconnect delay = 8.122 ns ( 78.59 % )
Info: Quartus II Classic Timing Analyzer was successful. 0 errors, 3 warnings
    Info: Peak virtual memory: 195 megabytes
    Info: Processing ended: Tue Jun 02 14:10:09 2020
    Info: Elapsed time: 00:00:00
    Info: Total CPU time (on all processors): 00:00:00


